c:\users\dennis\desktop\fieldofcows\fieldofcows\debug\vc120.pdb
c:\users\dennis\desktop\fieldofcows\fieldofcows\debug\vc120.idb
c:\users\dennis\desktop\fieldofcows\fieldofcows\debug\glinitializer.obj
c:\users\dennis\desktop\fieldofcows\fieldofcows\debug\main.obj
c:\users\dennis\desktop\fieldofcows\fieldofcows\debug\objectparser.obj
c:\users\dennis\desktop\fieldofcows\fieldofcows\debug\shader.obj
c:\users\dennis\desktop\fieldofcows\debug\fieldofcows.ilk
c:\users\dennis\desktop\fieldofcows\debug\fieldofcows.exe
c:\users\dennis\desktop\fieldofcows\debug\fieldofcows.pdb
c:\gitsandbox\opengl\fieldofcows\debug\glinitializer.obj
c:\gitsandbox\opengl\fieldofcows\debug\main.obj
c:\gitsandbox\opengl\fieldofcows\debug\objectparser.obj
c:\gitsandbox\opengl\fieldofcows\debug\shader.obj
c:\gitsandbox\opengl\fieldofcows\debug\vc120.idb
c:\gitsandbox\opengl\fieldofcows\debug\vc120.pdb
c:\gitsandbox\opengl\debug\fieldofcows.pdb
c:\gitsandbox\opengl\debug\fieldofcows.exe
c:\gitsandbox\opengl\debug\fieldofcows.ilk
c:\gitsandbox\opengl\fieldofcows\debug\fieldofcows.tlog\cl.command.1.tlog
c:\gitsandbox\opengl\fieldofcows\debug\fieldofcows.tlog\cl.read.1.tlog
c:\gitsandbox\opengl\fieldofcows\debug\fieldofcows.tlog\cl.write.1.tlog
c:\gitsandbox\opengl\fieldofcows\debug\fieldofcows.tlog\link.command.1.tlog
c:\gitsandbox\opengl\fieldofcows\debug\fieldofcows.tlog\link.read.1.tlog
c:\gitsandbox\opengl\fieldofcows\debug\fieldofcows.tlog\link.write.1.tlog
